Terminals unused in grammar

   COLON
   IF
   ELSE
   FOR
   WHILE


Grammar

    0 $accept: program "end of file"

    1 program: block

    2 block: line
    3      | block line

    4 line: line_content EOL
    5     | line_content "end of file"

    6 line_content: definition
    7             | expression

    8 definition: variable_definition
    9           | function_definition
   10           | class_definition

   11 variable_definition: IDENTIFIER EQUAL expression

   12 function_definition: FUNCTION_DEFINITION LEFT_PARENTHESIS arguments RIGHT_PARENTHESIS EOL block RETURN expression
   13                    | FUNCTION_DEFINITION LEFT_PARENTHESIS arguments RIGHT_PARENTHESIS EOL RETURN expression

   14 class_definition: CLASS_DEFINITION EOL block class_definition_end

   15 class_definition_end: EOL
   16                     | "end of file"

   17 arguments: argument
   18          | arguments COMMA argument

   19 argument: IDENTIFIER

   20 expression: expression PLUS term
   21           | expression MINUS term
   22           | term

   23 term: monomial
   24     | term ASTERISK monomial
   25     | term SLASH monomial

   26 monomial: variable
   27         | FLOAT_LITERAL
   28         | INT_LITERAL
   29         | STRING_LITERAL

   30 variable: IDENTIFIER


Terminals, with rules where they appear

"end of file" (0) 0 5 16
error (256)
FUNCTION_DEFINITION (258) 12 13
CLASS_DEFINITION (259) 14
RETURN (260) 12 13
IDENTIFIER (261) 11 19 30
EQUAL (262) 11
PLUS (263) 20
MINUS (264) 21
ASTERISK (265) 24
SLASH (266) 25
COLON (267)
COMMA (268) 18
LEFT_PARENTHESIS (269) 12 13
RIGHT_PARENTHESIS (270) 12 13
IF (271)
ELSE (272)
FOR (273)
WHILE (274)
EOL (275) 4 12 13 14 15
INT_LITERAL (276) 28
FLOAT_LITERAL (277) 27
STRING_LITERAL (278) 29


Nonterminals, with rules where they appear

$accept (24)
    on left: 0
program (25)
    on left: 1, on right: 0
block (26)
    on left: 2 3, on right: 1 3 12 14
line (27)
    on left: 4 5, on right: 2 3
line_content (28)
    on left: 6 7, on right: 4 5
definition (29)
    on left: 8 9 10, on right: 6
variable_definition (30)
    on left: 11, on right: 8
function_definition (31)
    on left: 12 13, on right: 9
class_definition (32)
    on left: 14, on right: 10
class_definition_end (33)
    on left: 15 16, on right: 14
arguments (34)
    on left: 17 18, on right: 12 13 18
argument (35)
    on left: 19, on right: 17 18
expression (36)
    on left: 20 21 22, on right: 7 11 12 13 20 21
term (37)
    on left: 23 24 25, on right: 20 21 22 24 25
monomial (38)
    on left: 26 27 28 29, on right: 23 24 25
variable (39)
    on left: 30, on right: 26


State 0

    0 $accept: . program "end of file"
    1 program: . block
    2 block: . line
    3      | . block line
    4 line: . line_content EOL
    5     | . line_content "end of file"
    6 line_content: . definition
    7             | . expression
    8 definition: . variable_definition
    9           | . function_definition
   10           | . class_definition
   11 variable_definition: . IDENTIFIER EQUAL expression
   12 function_definition: . FUNCTION_DEFINITION LEFT_PARENTHESIS arguments RIGHT_PARENTHESIS EOL block RETURN expression
   13                    | . FUNCTION_DEFINITION LEFT_PARENTHESIS arguments RIGHT_PARENTHESIS EOL RETURN expression
   14 class_definition: . CLASS_DEFINITION EOL block class_definition_end
   20 expression: . expression PLUS term
   21           | . expression MINUS term
   22           | . term
   23 term: . monomial
   24     | . term ASTERISK monomial
   25     | . term SLASH monomial
   26 monomial: . variable
   27         | . FLOAT_LITERAL
   28         | . INT_LITERAL
   29         | . STRING_LITERAL
   30 variable: . IDENTIFIER

    FUNCTION_DEFINITION  shift, and go to state 1
    CLASS_DEFINITION     shift, and go to state 2
    IDENTIFIER           shift, and go to state 3
    INT_LITERAL          shift, and go to state 4
    FLOAT_LITERAL        shift, and go to state 5
    STRING_LITERAL       shift, and go to state 6

    program              go to state 7
    block                go to state 8
    line                 go to state 9
    line_content         go to state 10
    definition           go to state 11
    variable_definition  go to state 12
    function_definition  go to state 13
    class_definition     go to state 14
    expression           go to state 15
    term                 go to state 16
    monomial             go to state 17
    variable             go to state 18


State 1

   12 function_definition: FUNCTION_DEFINITION . LEFT_PARENTHESIS arguments RIGHT_PARENTHESIS EOL block RETURN expression
   13                    | FUNCTION_DEFINITION . LEFT_PARENTHESIS arguments RIGHT_PARENTHESIS EOL RETURN expression

    LEFT_PARENTHESIS  shift, and go to state 19


State 2

   14 class_definition: CLASS_DEFINITION . EOL block class_definition_end

    EOL  shift, and go to state 20


State 3

   11 variable_definition: IDENTIFIER . EQUAL expression
   30 variable: IDENTIFIER .  ["end of file", PLUS, MINUS, ASTERISK, SLASH, EOL]

    EQUAL  shift, and go to state 21

    $default  reduce using rule 30 (variable)


State 4

   28 monomial: INT_LITERAL .

    $default  reduce using rule 28 (monomial)


State 5

   27 monomial: FLOAT_LITERAL .

    $default  reduce using rule 27 (monomial)


State 6

   29 monomial: STRING_LITERAL .

    $default  reduce using rule 29 (monomial)


State 7

    0 $accept: program . "end of file"

    "end of file"  shift, and go to state 22


State 8

    1 program: block .  ["end of file"]
    3 block: block . line
    4 line: . line_content EOL
    5     | . line_content "end of file"
    6 line_content: . definition
    7             | . expression
    8 definition: . variable_definition
    9           | . function_definition
   10           | . class_definition
   11 variable_definition: . IDENTIFIER EQUAL expression
   12 function_definition: . FUNCTION_DEFINITION LEFT_PARENTHESIS arguments RIGHT_PARENTHESIS EOL block RETURN expression
   13                    | . FUNCTION_DEFINITION LEFT_PARENTHESIS arguments RIGHT_PARENTHESIS EOL RETURN expression
   14 class_definition: . CLASS_DEFINITION EOL block class_definition_end
   20 expression: . expression PLUS term
   21           | . expression MINUS term
   22           | . term
   23 term: . monomial
   24     | . term ASTERISK monomial
   25     | . term SLASH monomial
   26 monomial: . variable
   27         | . FLOAT_LITERAL
   28         | . INT_LITERAL
   29         | . STRING_LITERAL
   30 variable: . IDENTIFIER

    FUNCTION_DEFINITION  shift, and go to state 1
    CLASS_DEFINITION     shift, and go to state 2
    IDENTIFIER           shift, and go to state 3
    INT_LITERAL          shift, and go to state 4
    FLOAT_LITERAL        shift, and go to state 5
    STRING_LITERAL       shift, and go to state 6

    $default  reduce using rule 1 (program)

    line                 go to state 23
    line_content         go to state 10
    definition           go to state 11
    variable_definition  go to state 12
    function_definition  go to state 13
    class_definition     go to state 14
    expression           go to state 15
    term                 go to state 16
    monomial             go to state 17
    variable             go to state 18


State 9

    2 block: line .

    $default  reduce using rule 2 (block)


State 10

    4 line: line_content . EOL
    5     | line_content . "end of file"

    "end of file"  shift, and go to state 24
    EOL            shift, and go to state 25


State 11

    6 line_content: definition .

    $default  reduce using rule 6 (line_content)


State 12

    8 definition: variable_definition .

    $default  reduce using rule 8 (definition)


State 13

    9 definition: function_definition .

    $default  reduce using rule 9 (definition)


State 14

   10 definition: class_definition .

    $default  reduce using rule 10 (definition)


State 15

    7 line_content: expression .  ["end of file", EOL]
   20 expression: expression . PLUS term
   21           | expression . MINUS term

    PLUS   shift, and go to state 26
    MINUS  shift, and go to state 27

    $default  reduce using rule 7 (line_content)


State 16

   22 expression: term .  ["end of file", PLUS, MINUS, EOL]
   24 term: term . ASTERISK monomial
   25     | term . SLASH monomial

    ASTERISK  shift, and go to state 28
    SLASH     shift, and go to state 29

    $default  reduce using rule 22 (expression)


State 17

   23 term: monomial .

    $default  reduce using rule 23 (term)


State 18

   26 monomial: variable .

    $default  reduce using rule 26 (monomial)


State 19

   12 function_definition: FUNCTION_DEFINITION LEFT_PARENTHESIS . arguments RIGHT_PARENTHESIS EOL block RETURN expression
   13                    | FUNCTION_DEFINITION LEFT_PARENTHESIS . arguments RIGHT_PARENTHESIS EOL RETURN expression
   17 arguments: . argument
   18          | . arguments COMMA argument
   19 argument: . IDENTIFIER

    IDENTIFIER  shift, and go to state 30

    arguments  go to state 31
    argument   go to state 32


State 20

    2 block: . line
    3      | . block line
    4 line: . line_content EOL
    5     | . line_content "end of file"
    6 line_content: . definition
    7             | . expression
    8 definition: . variable_definition
    9           | . function_definition
   10           | . class_definition
   11 variable_definition: . IDENTIFIER EQUAL expression
   12 function_definition: . FUNCTION_DEFINITION LEFT_PARENTHESIS arguments RIGHT_PARENTHESIS EOL block RETURN expression
   13                    | . FUNCTION_DEFINITION LEFT_PARENTHESIS arguments RIGHT_PARENTHESIS EOL RETURN expression
   14 class_definition: . CLASS_DEFINITION EOL block class_definition_end
   14                 | CLASS_DEFINITION EOL . block class_definition_end
   20 expression: . expression PLUS term
   21           | . expression MINUS term
   22           | . term
   23 term: . monomial
   24     | . term ASTERISK monomial
   25     | . term SLASH monomial
   26 monomial: . variable
   27         | . FLOAT_LITERAL
   28         | . INT_LITERAL
   29         | . STRING_LITERAL
   30 variable: . IDENTIFIER

    FUNCTION_DEFINITION  shift, and go to state 1
    CLASS_DEFINITION     shift, and go to state 2
    IDENTIFIER           shift, and go to state 3
    INT_LITERAL          shift, and go to state 4
    FLOAT_LITERAL        shift, and go to state 5
    STRING_LITERAL       shift, and go to state 6

    block                go to state 33
    line                 go to state 9
    line_content         go to state 10
    definition           go to state 11
    variable_definition  go to state 12
    function_definition  go to state 13
    class_definition     go to state 14
    expression           go to state 15
    term                 go to state 16
    monomial             go to state 17
    variable             go to state 18


State 21

   11 variable_definition: IDENTIFIER EQUAL . expression
   20 expression: . expression PLUS term
   21           | . expression MINUS term
   22           | . term
   23 term: . monomial
   24     | . term ASTERISK monomial
   25     | . term SLASH monomial
   26 monomial: . variable
   27         | . FLOAT_LITERAL
   28         | . INT_LITERAL
   29         | . STRING_LITERAL
   30 variable: . IDENTIFIER

    IDENTIFIER      shift, and go to state 34
    INT_LITERAL     shift, and go to state 4
    FLOAT_LITERAL   shift, and go to state 5
    STRING_LITERAL  shift, and go to state 6

    expression  go to state 35
    term        go to state 16
    monomial    go to state 17
    variable    go to state 18


State 22

    0 $accept: program "end of file" .

    $default  accept


State 23

    3 block: block line .

    $default  reduce using rule 3 (block)


State 24

    5 line: line_content "end of file" .

    $default  reduce using rule 5 (line)


State 25

    4 line: line_content EOL .

    $default  reduce using rule 4 (line)


State 26

   20 expression: expression PLUS . term
   23 term: . monomial
   24     | . term ASTERISK monomial
   25     | . term SLASH monomial
   26 monomial: . variable
   27         | . FLOAT_LITERAL
   28         | . INT_LITERAL
   29         | . STRING_LITERAL
   30 variable: . IDENTIFIER

    IDENTIFIER      shift, and go to state 34
    INT_LITERAL     shift, and go to state 4
    FLOAT_LITERAL   shift, and go to state 5
    STRING_LITERAL  shift, and go to state 6

    term      go to state 36
    monomial  go to state 17
    variable  go to state 18


State 27

   21 expression: expression MINUS . term
   23 term: . monomial
   24     | . term ASTERISK monomial
   25     | . term SLASH monomial
   26 monomial: . variable
   27         | . FLOAT_LITERAL
   28         | . INT_LITERAL
   29         | . STRING_LITERAL
   30 variable: . IDENTIFIER

    IDENTIFIER      shift, and go to state 34
    INT_LITERAL     shift, and go to state 4
    FLOAT_LITERAL   shift, and go to state 5
    STRING_LITERAL  shift, and go to state 6

    term      go to state 37
    monomial  go to state 17
    variable  go to state 18


State 28

   24 term: term ASTERISK . monomial
   26 monomial: . variable
   27         | . FLOAT_LITERAL
   28         | . INT_LITERAL
   29         | . STRING_LITERAL
   30 variable: . IDENTIFIER

    IDENTIFIER      shift, and go to state 34
    INT_LITERAL     shift, and go to state 4
    FLOAT_LITERAL   shift, and go to state 5
    STRING_LITERAL  shift, and go to state 6

    monomial  go to state 38
    variable  go to state 18


State 29

   25 term: term SLASH . monomial
   26 monomial: . variable
   27         | . FLOAT_LITERAL
   28         | . INT_LITERAL
   29         | . STRING_LITERAL
   30 variable: . IDENTIFIER

    IDENTIFIER      shift, and go to state 34
    INT_LITERAL     shift, and go to state 4
    FLOAT_LITERAL   shift, and go to state 5
    STRING_LITERAL  shift, and go to state 6

    monomial  go to state 39
    variable  go to state 18


State 30

   19 argument: IDENTIFIER .

    $default  reduce using rule 19 (argument)


State 31

   12 function_definition: FUNCTION_DEFINITION LEFT_PARENTHESIS arguments . RIGHT_PARENTHESIS EOL block RETURN expression
   13                    | FUNCTION_DEFINITION LEFT_PARENTHESIS arguments . RIGHT_PARENTHESIS EOL RETURN expression
   18 arguments: arguments . COMMA argument

    COMMA              shift, and go to state 40
    RIGHT_PARENTHESIS  shift, and go to state 41


State 32

   17 arguments: argument .

    $default  reduce using rule 17 (arguments)


State 33

    3 block: block . line
    4 line: . line_content EOL
    5     | . line_content "end of file"
    6 line_content: . definition
    7             | . expression
    8 definition: . variable_definition
    9           | . function_definition
   10           | . class_definition
   11 variable_definition: . IDENTIFIER EQUAL expression
   12 function_definition: . FUNCTION_DEFINITION LEFT_PARENTHESIS arguments RIGHT_PARENTHESIS EOL block RETURN expression
   13                    | . FUNCTION_DEFINITION LEFT_PARENTHESIS arguments RIGHT_PARENTHESIS EOL RETURN expression
   14 class_definition: . CLASS_DEFINITION EOL block class_definition_end
   14                 | CLASS_DEFINITION EOL block . class_definition_end
   15 class_definition_end: . EOL
   16                     | . "end of file"
   20 expression: . expression PLUS term
   21           | . expression MINUS term
   22           | . term
   23 term: . monomial
   24     | . term ASTERISK monomial
   25     | . term SLASH monomial
   26 monomial: . variable
   27         | . FLOAT_LITERAL
   28         | . INT_LITERAL
   29         | . STRING_LITERAL
   30 variable: . IDENTIFIER

    "end of file"        shift, and go to state 42
    FUNCTION_DEFINITION  shift, and go to state 1
    CLASS_DEFINITION     shift, and go to state 2
    IDENTIFIER           shift, and go to state 3
    EOL                  shift, and go to state 43
    INT_LITERAL          shift, and go to state 4
    FLOAT_LITERAL        shift, and go to state 5
    STRING_LITERAL       shift, and go to state 6

    line                  go to state 23
    line_content          go to state 10
    definition            go to state 11
    variable_definition   go to state 12
    function_definition   go to state 13
    class_definition      go to state 14
    class_definition_end  go to state 44
    expression            go to state 15
    term                  go to state 16
    monomial              go to state 17
    variable              go to state 18


State 34

   30 variable: IDENTIFIER .

    $default  reduce using rule 30 (variable)


State 35

   11 variable_definition: IDENTIFIER EQUAL expression .  ["end of file", EOL]
   20 expression: expression . PLUS term
   21           | expression . MINUS term

    PLUS   shift, and go to state 26
    MINUS  shift, and go to state 27

    $default  reduce using rule 11 (variable_definition)


State 36

   20 expression: expression PLUS term .  ["end of file", PLUS, MINUS, EOL]
   24 term: term . ASTERISK monomial
   25     | term . SLASH monomial

    ASTERISK  shift, and go to state 28
    SLASH     shift, and go to state 29

    $default  reduce using rule 20 (expression)


State 37

   21 expression: expression MINUS term .  ["end of file", PLUS, MINUS, EOL]
   24 term: term . ASTERISK monomial
   25     | term . SLASH monomial

    ASTERISK  shift, and go to state 28
    SLASH     shift, and go to state 29

    $default  reduce using rule 21 (expression)


State 38

   24 term: term ASTERISK monomial .

    $default  reduce using rule 24 (term)


State 39

   25 term: term SLASH monomial .

    $default  reduce using rule 25 (term)


State 40

   18 arguments: arguments COMMA . argument
   19 argument: . IDENTIFIER

    IDENTIFIER  shift, and go to state 30

    argument  go to state 45


State 41

   12 function_definition: FUNCTION_DEFINITION LEFT_PARENTHESIS arguments RIGHT_PARENTHESIS . EOL block RETURN expression
   13                    | FUNCTION_DEFINITION LEFT_PARENTHESIS arguments RIGHT_PARENTHESIS . EOL RETURN expression

    EOL  shift, and go to state 46


State 42

   16 class_definition_end: "end of file" .

    $default  reduce using rule 16 (class_definition_end)


State 43

   15 class_definition_end: EOL .

    $default  reduce using rule 15 (class_definition_end)


State 44

   14 class_definition: CLASS_DEFINITION EOL block class_definition_end .

    $default  reduce using rule 14 (class_definition)


State 45

   18 arguments: arguments COMMA argument .

    $default  reduce using rule 18 (arguments)


State 46

    2 block: . line
    3      | . block line
    4 line: . line_content EOL
    5     | . line_content "end of file"
    6 line_content: . definition
    7             | . expression
    8 definition: . variable_definition
    9           | . function_definition
   10           | . class_definition
   11 variable_definition: . IDENTIFIER EQUAL expression
   12 function_definition: . FUNCTION_DEFINITION LEFT_PARENTHESIS arguments RIGHT_PARENTHESIS EOL block RETURN expression
   12                    | FUNCTION_DEFINITION LEFT_PARENTHESIS arguments RIGHT_PARENTHESIS EOL . block RETURN expression
   13                    | . FUNCTION_DEFINITION LEFT_PARENTHESIS arguments RIGHT_PARENTHESIS EOL RETURN expression
   13                    | FUNCTION_DEFINITION LEFT_PARENTHESIS arguments RIGHT_PARENTHESIS EOL . RETURN expression
   14 class_definition: . CLASS_DEFINITION EOL block class_definition_end
   20 expression: . expression PLUS term
   21           | . expression MINUS term
   22           | . term
   23 term: . monomial
   24     | . term ASTERISK monomial
   25     | . term SLASH monomial
   26 monomial: . variable
   27         | . FLOAT_LITERAL
   28         | . INT_LITERAL
   29         | . STRING_LITERAL
   30 variable: . IDENTIFIER

    FUNCTION_DEFINITION  shift, and go to state 1
    CLASS_DEFINITION     shift, and go to state 2
    RETURN               shift, and go to state 47
    IDENTIFIER           shift, and go to state 3
    INT_LITERAL          shift, and go to state 4
    FLOAT_LITERAL        shift, and go to state 5
    STRING_LITERAL       shift, and go to state 6

    block                go to state 48
    line                 go to state 9
    line_content         go to state 10
    definition           go to state 11
    variable_definition  go to state 12
    function_definition  go to state 13
    class_definition     go to state 14
    expression           go to state 15
    term                 go to state 16
    monomial             go to state 17
    variable             go to state 18


State 47

   13 function_definition: FUNCTION_DEFINITION LEFT_PARENTHESIS arguments RIGHT_PARENTHESIS EOL RETURN . expression
   20 expression: . expression PLUS term
   21           | . expression MINUS term
   22           | . term
   23 term: . monomial
   24     | . term ASTERISK monomial
   25     | . term SLASH monomial
   26 monomial: . variable
   27         | . FLOAT_LITERAL
   28         | . INT_LITERAL
   29         | . STRING_LITERAL
   30 variable: . IDENTIFIER

    IDENTIFIER      shift, and go to state 34
    INT_LITERAL     shift, and go to state 4
    FLOAT_LITERAL   shift, and go to state 5
    STRING_LITERAL  shift, and go to state 6

    expression  go to state 49
    term        go to state 16
    monomial    go to state 17
    variable    go to state 18


State 48

    3 block: block . line
    4 line: . line_content EOL
    5     | . line_content "end of file"
    6 line_content: . definition
    7             | . expression
    8 definition: . variable_definition
    9           | . function_definition
   10           | . class_definition
   11 variable_definition: . IDENTIFIER EQUAL expression
   12 function_definition: . FUNCTION_DEFINITION LEFT_PARENTHESIS arguments RIGHT_PARENTHESIS EOL block RETURN expression
   12                    | FUNCTION_DEFINITION LEFT_PARENTHESIS arguments RIGHT_PARENTHESIS EOL block . RETURN expression
   13                    | . FUNCTION_DEFINITION LEFT_PARENTHESIS arguments RIGHT_PARENTHESIS EOL RETURN expression
   14 class_definition: . CLASS_DEFINITION EOL block class_definition_end
   20 expression: . expression PLUS term
   21           | . expression MINUS term
   22           | . term
   23 term: . monomial
   24     | . term ASTERISK monomial
   25     | . term SLASH monomial
   26 monomial: . variable
   27         | . FLOAT_LITERAL
   28         | . INT_LITERAL
   29         | . STRING_LITERAL
   30 variable: . IDENTIFIER

    FUNCTION_DEFINITION  shift, and go to state 1
    CLASS_DEFINITION     shift, and go to state 2
    RETURN               shift, and go to state 50
    IDENTIFIER           shift, and go to state 3
    INT_LITERAL          shift, and go to state 4
    FLOAT_LITERAL        shift, and go to state 5
    STRING_LITERAL       shift, and go to state 6

    line                 go to state 23
    line_content         go to state 10
    definition           go to state 11
    variable_definition  go to state 12
    function_definition  go to state 13
    class_definition     go to state 14
    expression           go to state 15
    term                 go to state 16
    monomial             go to state 17
    variable             go to state 18


State 49

   13 function_definition: FUNCTION_DEFINITION LEFT_PARENTHESIS arguments RIGHT_PARENTHESIS EOL RETURN expression .  ["end of file", EOL]
   20 expression: expression . PLUS term
   21           | expression . MINUS term

    PLUS   shift, and go to state 26
    MINUS  shift, and go to state 27

    $default  reduce using rule 13 (function_definition)


State 50

   12 function_definition: FUNCTION_DEFINITION LEFT_PARENTHESIS arguments RIGHT_PARENTHESIS EOL block RETURN . expression
   20 expression: . expression PLUS term
   21           | . expression MINUS term
   22           | . term
   23 term: . monomial
   24     | . term ASTERISK monomial
   25     | . term SLASH monomial
   26 monomial: . variable
   27         | . FLOAT_LITERAL
   28         | . INT_LITERAL
   29         | . STRING_LITERAL
   30 variable: . IDENTIFIER

    IDENTIFIER      shift, and go to state 34
    INT_LITERAL     shift, and go to state 4
    FLOAT_LITERAL   shift, and go to state 5
    STRING_LITERAL  shift, and go to state 6

    expression  go to state 51
    term        go to state 16
    monomial    go to state 17
    variable    go to state 18


State 51

   12 function_definition: FUNCTION_DEFINITION LEFT_PARENTHESIS arguments RIGHT_PARENTHESIS EOL block RETURN expression .  ["end of file", EOL]
   20 expression: expression . PLUS term
   21           | expression . MINUS term

    PLUS   shift, and go to state 26
    MINUS  shift, and go to state 27

    $default  reduce using rule 12 (function_definition)
