Terminals unused in grammar

   EQUAL


State 6 conflicts: 4 shift/reduce
State 13 conflicts: 4 shift/reduce


Grammar

    0 $accept: program "end of file"

    1 program: block
    2        | program block

    3 block: line
    4      | block line

    5 line: expression EOL
    6     | expression "end of file"

    7 expression: term
    8           | expression PLUS term
    9           | expression MINUS term
   10           | FUNCTION_DEFINE IDENTIFIER LEFT_PARENTHESIS RIGHT_PARENTHESIS

   11 term: literal
   12     | term ASTERISK literal
   13     | term SLASH literal

   14 literal: FLOAT_LITERAL
   15        | INT_LITERAL
   16        | STRING_LITERAL


Terminals, with rules where they appear

"end of file" (0) 0 6
error (256)
FUNCTION_DEFINE (258) 10
IDENTIFIER (259) 10
EQUAL (260)
PLUS (261) 8
MINUS (262) 9
ASTERISK (263) 12
SLASH (264) 13
LEFT_PARENTHESIS (265) 10
RIGHT_PARENTHESIS (266) 10
EOL (267) 5
INT_LITERAL (268) 15
FLOAT_LITERAL (269) 14
STRING_LITERAL (270) 16


Nonterminals, with rules where they appear

$accept (16)
    on left: 0
program (17)
    on left: 1 2, on right: 0 2
block (18)
    on left: 3 4, on right: 1 2 4
line (19)
    on left: 5 6, on right: 3 4
expression (20)
    on left: 7 8 9 10, on right: 5 6 8 9
term (21)
    on left: 11 12 13, on right: 7 8 9 12 13
literal (22)
    on left: 14 15 16, on right: 11 12 13


State 0

    0 $accept: . program "end of file"
    1 program: . block
    2        | . program block
    3 block: . line
    4      | . block line
    5 line: . expression EOL
    6     | . expression "end of file"
    7 expression: . term
    8           | . expression PLUS term
    9           | . expression MINUS term
   10           | . FUNCTION_DEFINE IDENTIFIER LEFT_PARENTHESIS RIGHT_PARENTHESIS
   11 term: . literal
   12     | . term ASTERISK literal
   13     | . term SLASH literal
   14 literal: . FLOAT_LITERAL
   15        | . INT_LITERAL
   16        | . STRING_LITERAL

    FUNCTION_DEFINE  shift, and go to state 1
    INT_LITERAL      shift, and go to state 2
    FLOAT_LITERAL    shift, and go to state 3
    STRING_LITERAL   shift, and go to state 4

    program     go to state 5
    block       go to state 6
    line        go to state 7
    expression  go to state 8
    term        go to state 9
    literal     go to state 10


State 1

   10 expression: FUNCTION_DEFINE . IDENTIFIER LEFT_PARENTHESIS RIGHT_PARENTHESIS

    IDENTIFIER  shift, and go to state 11


State 2

   15 literal: INT_LITERAL .

    $default  reduce using rule 15 (literal)


State 3

   14 literal: FLOAT_LITERAL .

    $default  reduce using rule 14 (literal)


State 4

   16 literal: STRING_LITERAL .

    $default  reduce using rule 16 (literal)


State 5

    0 $accept: program . "end of file"
    2 program: program . block
    3 block: . line
    4      | . block line
    5 line: . expression EOL
    6     | . expression "end of file"
    7 expression: . term
    8           | . expression PLUS term
    9           | . expression MINUS term
   10           | . FUNCTION_DEFINE IDENTIFIER LEFT_PARENTHESIS RIGHT_PARENTHESIS
   11 term: . literal
   12     | . term ASTERISK literal
   13     | . term SLASH literal
   14 literal: . FLOAT_LITERAL
   15        | . INT_LITERAL
   16        | . STRING_LITERAL

    "end of file"    shift, and go to state 12
    FUNCTION_DEFINE  shift, and go to state 1
    INT_LITERAL      shift, and go to state 2
    FLOAT_LITERAL    shift, and go to state 3
    STRING_LITERAL   shift, and go to state 4

    block       go to state 13
    line        go to state 7
    expression  go to state 8
    term        go to state 9
    literal     go to state 10


State 6

    1 program: block .  ["end of file", FUNCTION_DEFINE, INT_LITERAL, FLOAT_LITERAL, STRING_LITERAL]
    4 block: block . line
    5 line: . expression EOL
    6     | . expression "end of file"
    7 expression: . term
    8           | . expression PLUS term
    9           | . expression MINUS term
   10           | . FUNCTION_DEFINE IDENTIFIER LEFT_PARENTHESIS RIGHT_PARENTHESIS
   11 term: . literal
   12     | . term ASTERISK literal
   13     | . term SLASH literal
   14 literal: . FLOAT_LITERAL
   15        | . INT_LITERAL
   16        | . STRING_LITERAL

    FUNCTION_DEFINE  shift, and go to state 1
    INT_LITERAL      shift, and go to state 2
    FLOAT_LITERAL    shift, and go to state 3
    STRING_LITERAL   shift, and go to state 4

    FUNCTION_DEFINE  [reduce using rule 1 (program)]
    INT_LITERAL      [reduce using rule 1 (program)]
    FLOAT_LITERAL    [reduce using rule 1 (program)]
    STRING_LITERAL   [reduce using rule 1 (program)]
    $default         reduce using rule 1 (program)

    line        go to state 14
    expression  go to state 8
    term        go to state 9
    literal     go to state 10


State 7

    3 block: line .

    $default  reduce using rule 3 (block)


State 8

    5 line: expression . EOL
    6     | expression . "end of file"
    8 expression: expression . PLUS term
    9           | expression . MINUS term

    "end of file"  shift, and go to state 15
    PLUS           shift, and go to state 16
    MINUS          shift, and go to state 17
    EOL            shift, and go to state 18


State 9

    7 expression: term .  ["end of file", PLUS, MINUS, EOL]
   12 term: term . ASTERISK literal
   13     | term . SLASH literal

    ASTERISK  shift, and go to state 19
    SLASH     shift, and go to state 20

    $default  reduce using rule 7 (expression)


State 10

   11 term: literal .

    $default  reduce using rule 11 (term)


State 11

   10 expression: FUNCTION_DEFINE IDENTIFIER . LEFT_PARENTHESIS RIGHT_PARENTHESIS

    LEFT_PARENTHESIS  shift, and go to state 21


State 12

    0 $accept: program "end of file" .

    $default  accept


State 13

    2 program: program block .  ["end of file", FUNCTION_DEFINE, INT_LITERAL, FLOAT_LITERAL, STRING_LITERAL]
    4 block: block . line
    5 line: . expression EOL
    6     | . expression "end of file"
    7 expression: . term
    8           | . expression PLUS term
    9           | . expression MINUS term
   10           | . FUNCTION_DEFINE IDENTIFIER LEFT_PARENTHESIS RIGHT_PARENTHESIS
   11 term: . literal
   12     | . term ASTERISK literal
   13     | . term SLASH literal
   14 literal: . FLOAT_LITERAL
   15        | . INT_LITERAL
   16        | . STRING_LITERAL

    FUNCTION_DEFINE  shift, and go to state 1
    INT_LITERAL      shift, and go to state 2
    FLOAT_LITERAL    shift, and go to state 3
    STRING_LITERAL   shift, and go to state 4

    FUNCTION_DEFINE  [reduce using rule 2 (program)]
    INT_LITERAL      [reduce using rule 2 (program)]
    FLOAT_LITERAL    [reduce using rule 2 (program)]
    STRING_LITERAL   [reduce using rule 2 (program)]
    $default         reduce using rule 2 (program)

    line        go to state 14
    expression  go to state 8
    term        go to state 9
    literal     go to state 10


State 14

    4 block: block line .

    $default  reduce using rule 4 (block)


State 15

    6 line: expression "end of file" .

    $default  reduce using rule 6 (line)


State 16

    8 expression: expression PLUS . term
   11 term: . literal
   12     | . term ASTERISK literal
   13     | . term SLASH literal
   14 literal: . FLOAT_LITERAL
   15        | . INT_LITERAL
   16        | . STRING_LITERAL

    INT_LITERAL     shift, and go to state 2
    FLOAT_LITERAL   shift, and go to state 3
    STRING_LITERAL  shift, and go to state 4

    term     go to state 22
    literal  go to state 10


State 17

    9 expression: expression MINUS . term
   11 term: . literal
   12     | . term ASTERISK literal
   13     | . term SLASH literal
   14 literal: . FLOAT_LITERAL
   15        | . INT_LITERAL
   16        | . STRING_LITERAL

    INT_LITERAL     shift, and go to state 2
    FLOAT_LITERAL   shift, and go to state 3
    STRING_LITERAL  shift, and go to state 4

    term     go to state 23
    literal  go to state 10


State 18

    5 line: expression EOL .

    $default  reduce using rule 5 (line)


State 19

   12 term: term ASTERISK . literal
   14 literal: . FLOAT_LITERAL
   15        | . INT_LITERAL
   16        | . STRING_LITERAL

    INT_LITERAL     shift, and go to state 2
    FLOAT_LITERAL   shift, and go to state 3
    STRING_LITERAL  shift, and go to state 4

    literal  go to state 24


State 20

   13 term: term SLASH . literal
   14 literal: . FLOAT_LITERAL
   15        | . INT_LITERAL
   16        | . STRING_LITERAL

    INT_LITERAL     shift, and go to state 2
    FLOAT_LITERAL   shift, and go to state 3
    STRING_LITERAL  shift, and go to state 4

    literal  go to state 25


State 21

   10 expression: FUNCTION_DEFINE IDENTIFIER LEFT_PARENTHESIS . RIGHT_PARENTHESIS

    RIGHT_PARENTHESIS  shift, and go to state 26


State 22

    8 expression: expression PLUS term .  ["end of file", PLUS, MINUS, EOL]
   12 term: term . ASTERISK literal
   13     | term . SLASH literal

    ASTERISK  shift, and go to state 19
    SLASH     shift, and go to state 20

    $default  reduce using rule 8 (expression)


State 23

    9 expression: expression MINUS term .  ["end of file", PLUS, MINUS, EOL]
   12 term: term . ASTERISK literal
   13     | term . SLASH literal

    ASTERISK  shift, and go to state 19
    SLASH     shift, and go to state 20

    $default  reduce using rule 9 (expression)


State 24

   12 term: term ASTERISK literal .

    $default  reduce using rule 12 (term)


State 25

   13 term: term SLASH literal .

    $default  reduce using rule 13 (term)


State 26

   10 expression: FUNCTION_DEFINE IDENTIFIER LEFT_PARENTHESIS RIGHT_PARENTHESIS .

    $default  reduce using rule 10 (expression)
